<?xml version="1.0" encoding="UTF-8"?>
<testng-results ignored="0" total="2" passed="2" failed="0" skipped="0">
  <reporter-output>
  </reporter-output>
  <suite started-at="2024-06-18T10:13:39 IST" name="Default suite" finished-at="2024-06-18T10:14:25 IST" duration-ms="46026">
    <groups>
      <group name="cucumber">
        <method signature="AbstractTestNGCucumberTests.runScenario(io.cucumber.testng.PickleWrapper,io.cucumber.testng.FeatureWrapper)[pri:0, instance:tests.Testrunner@3ba987b8]" name="runScenario" class="io.cucumber.testng.AbstractTestNGCucumberTests"/>
      </group> <!-- cucumber -->
    </groups>
    <test started-at="2024-06-18T10:13:39 IST" name="Default test" finished-at="2024-06-18T10:14:25 IST" duration-ms="46026">
      <class name="tests.Testrunner">
        <test-method is-config="true" signature="setUpClass(org.testng.ITestContext)[pri:0, instance:tests.Testrunner@3ba987b8]" started-at="2024-06-18T10:13:39 IST" name="setUpClass" finished-at="2024-06-18T10:13:39 IST" duration-ms="501" status="PASS">
          <params>
            <param index="0">
              <value>
                <![CDATA[org.testng.TestRunner@d108406]]>
              </value>
            </param>
          </params>
          <reporter-output>
          </reporter-output>
        </test-method> <!-- setUpClass -->
        <test-method signature="runScenario(io.cucumber.testng.PickleWrapper,io.cucumber.testng.FeatureWrapper)[pri:0, instance:tests.Testrunner@3ba987b8]" started-at="2024-06-18T10:13:39 IST" name="runScenario" description="Runs Cucumber Scenarios" data-provider="scenarios" finished-at="2024-06-18T10:14:12 IST" duration-ms="32425" status="PASS">
          <params>
            <param index="0">
              <value>
                <![CDATA["To Validate the Form in the Contentive Home Page"]]>
              </value>
            </param>
            <param index="1">
              <value>
                <![CDATA["To Validate the Contents of the HomePage and the Get in Touch Form of the Contentive Home-Page"]]>
              </value>
            </param>
          </params>
          <reporter-output>
          </reporter-output>
        </test-method> <!-- runScenario -->
        <test-method signature="runScenario(io.cucumber.testng.PickleWrapper,io.cucumber.testng.FeatureWrapper)[pri:0, instance:tests.Testrunner@3ba987b8]" started-at="2024-06-18T10:14:12 IST" name="runScenario" description="Runs Cucumber Scenarios" data-provider="scenarios" finished-at="2024-06-18T10:14:23 IST" duration-ms="11702" status="PASS">
          <params>
            <param index="0">
              <value>
                <![CDATA["To Validate the Contents of the Home Page"]]>
              </value>
            </param>
            <param index="1">
              <value>
                <![CDATA["To Validate the Contents of the HomePage and the Get in Touch Form of the Contentive Home-Page"]]>
              </value>
            </param>
          </params>
          <reporter-output>
          </reporter-output>
        </test-method> <!-- runScenario -->
        <test-method is-config="true" signature="tearDownClass()[pri:0, instance:tests.Testrunner@3ba987b8]" started-at="2024-06-18T10:14:23 IST" name="tearDownClass" finished-at="2024-06-18T10:14:25 IST" duration-ms="1369" status="PASS">
          <reporter-output>
          </reporter-output>
        </test-method> <!-- tearDownClass -->
      </class> <!-- tests.Testrunner -->
    </test> <!-- Default test -->
  </suite> <!-- Default suite -->
</testng-results>
